<?xml version="1.0" encoding="UTF-8"?>
<testsuite xmlns:xsi="http://www.w3.org/2001/XMLSchema-instance" xsi:noNamespaceSchemaLocation="https://maven.apache.org/surefire/maven-surefire-plugin/xsd/surefire-test-report-3.0.xsd" version="3.0" name="com.example.asyncawait.service.OrderServiceTest" time="3.145" tests="4" errors="0" skipped="0" failures="0">
  <properties>
    <property name="java.specification.version" value="17"/>
    <property name="sun.jnu.encoding" value="UTF-8"/>
    <property name="java.class.path" value="/home/vagrant/it-architectures/async-await-example/target/test-classes:/home/vagrant/it-architectures/async-await-example/target/classes:/home/vagrant/.m2/repository/org/slf4j/slf4j-api/2.0.7/slf4j-api-2.0.7.jar:/home/vagrant/.m2/repository/ch/qos/logback/logback-classic/1.4.8/logback-classic-1.4.8.jar:/home/vagrant/.m2/repository/ch/qos/logback/logback-core/1.4.8/logback-core-1.4.8.jar:/home/vagrant/.m2/repository/com/fasterxml/jackson/core/jackson-databind/2.15.2/jackson-databind-2.15.2.jar:/home/vagrant/.m2/repository/com/fasterxml/jackson/core/jackson-annotations/2.15.2/jackson-annotations-2.15.2.jar:/home/vagrant/.m2/repository/com/fasterxml/jackson/core/jackson-core/2.15.2/jackson-core-2.15.2.jar:/home/vagrant/.m2/repository/org/junit/jupiter/junit-jupiter-api/5.9.2/junit-jupiter-api-5.9.2.jar:/home/vagrant/.m2/repository/org/opentest4j/opentest4j/1.2.0/opentest4j-1.2.0.jar:/home/vagrant/.m2/repository/org/junit/platform/junit-platform-commons/1.9.2/junit-platform-commons-1.9.2.jar:/home/vagrant/.m2/repository/org/apiguardian/apiguardian-api/1.1.2/apiguardian-api-1.1.2.jar:/home/vagrant/.m2/repository/org/junit/jupiter/junit-jupiter-engine/5.9.2/junit-jupiter-engine-5.9.2.jar:/home/vagrant/.m2/repository/org/junit/platform/junit-platform-engine/1.9.2/junit-platform-engine-1.9.2.jar:/home/vagrant/.m2/repository/org/mockito/mockito-junit-jupiter/5.3.1/mockito-junit-jupiter-5.3.1.jar:/home/vagrant/.m2/repository/org/mockito/mockito-core/5.3.1/mockito-core-5.3.1.jar:/home/vagrant/.m2/repository/net/bytebuddy/byte-buddy/1.14.4/byte-buddy-1.14.4.jar:/home/vagrant/.m2/repository/net/bytebuddy/byte-buddy-agent/1.14.4/byte-buddy-agent-1.14.4.jar:/home/vagrant/.m2/repository/org/objenesis/objenesis/3.3/objenesis-3.3.jar:"/>
    <property name="java.vm.vendor" value="Oracle Corporation"/>
    <property name="sun.arch.data.model" value="64"/>
    <property name="java.vendor.url" value="https://java.oracle.com/"/>
    <property name="user.timezone" value="Etc/UTC"/>
    <property name="os.name" value="Linux"/>
    <property name="java.vm.specification.version" value="17"/>
    <property name="sun.java.launcher" value="SUN_STANDARD"/>
    <property name="user.country" value="US"/>
    <property name="sun.boot.library.path" value="/usr/lib/jvm/java-17-oracle/lib"/>
    <property name="sun.java.command" value="/home/vagrant/it-architectures/async-await-example/target/surefire/surefirebooter-20250418093714319_3.jar /home/vagrant/it-architectures/async-await-example/target/surefire 2025-04-18T09-37-14_242-jvmRun1 surefire-20250418093714319_1tmp surefire_0-20250418093714319_2tmp"/>
    <property name="jdk.debug" value="release"/>
    <property name="surefire.test.class.path" value="/home/vagrant/it-architectures/async-await-example/target/test-classes:/home/vagrant/it-architectures/async-await-example/target/classes:/home/vagrant/.m2/repository/org/slf4j/slf4j-api/2.0.7/slf4j-api-2.0.7.jar:/home/vagrant/.m2/repository/ch/qos/logback/logback-classic/1.4.8/logback-classic-1.4.8.jar:/home/vagrant/.m2/repository/ch/qos/logback/logback-core/1.4.8/logback-core-1.4.8.jar:/home/vagrant/.m2/repository/com/fasterxml/jackson/core/jackson-databind/2.15.2/jackson-databind-2.15.2.jar:/home/vagrant/.m2/repository/com/fasterxml/jackson/core/jackson-annotations/2.15.2/jackson-annotations-2.15.2.jar:/home/vagrant/.m2/repository/com/fasterxml/jackson/core/jackson-core/2.15.2/jackson-core-2.15.2.jar:/home/vagrant/.m2/repository/org/junit/jupiter/junit-jupiter-api/5.9.2/junit-jupiter-api-5.9.2.jar:/home/vagrant/.m2/repository/org/opentest4j/opentest4j/1.2.0/opentest4j-1.2.0.jar:/home/vagrant/.m2/repository/org/junit/platform/junit-platform-commons/1.9.2/junit-platform-commons-1.9.2.jar:/home/vagrant/.m2/repository/org/apiguardian/apiguardian-api/1.1.2/apiguardian-api-1.1.2.jar:/home/vagrant/.m2/repository/org/junit/jupiter/junit-jupiter-engine/5.9.2/junit-jupiter-engine-5.9.2.jar:/home/vagrant/.m2/repository/org/junit/platform/junit-platform-engine/1.9.2/junit-platform-engine-1.9.2.jar:/home/vagrant/.m2/repository/org/mockito/mockito-junit-jupiter/5.3.1/mockito-junit-jupiter-5.3.1.jar:/home/vagrant/.m2/repository/org/mockito/mockito-core/5.3.1/mockito-core-5.3.1.jar:/home/vagrant/.m2/repository/net/bytebuddy/byte-buddy/1.14.4/byte-buddy-1.14.4.jar:/home/vagrant/.m2/repository/net/bytebuddy/byte-buddy-agent/1.14.4/byte-buddy-agent-1.14.4.jar:/home/vagrant/.m2/repository/org/objenesis/objenesis/3.3/objenesis-3.3.jar:"/>
    <property name="sun.cpu.endian" value="little"/>
    <property name="user.home" value="/home/vagrant"/>
    <property name="user.language" value="en"/>
    <property name="java.specification.vendor" value="Oracle Corporation"/>
    <property name="java.version.date" value="2023-01-17"/>
    <property name="java.home" value="/usr/lib/jvm/java-17-oracle"/>
    <property name="file.separator" value="/"/>
    <property name="basedir" value="/home/vagrant/it-architectures/async-await-example"/>
    <property name="java.vm.compressedOopsMode" value="32-bit"/>
    <property name="line.separator" value="&#10;"/>
    <property name="java.vm.specification.vendor" value="Oracle Corporation"/>
    <property name="java.specification.name" value="Java Platform API Specification"/>
    <property name="surefire.real.class.path" value="/home/vagrant/it-architectures/async-await-example/target/surefire/surefirebooter-20250418093714319_3.jar"/>
    <property name="sun.management.compiler" value="HotSpot 64-Bit Tiered Compilers"/>
    <property name="java.runtime.version" value="17.0.6+9-LTS-190"/>
    <property name="user.name" value="vagrant"/>
    <property name="path.separator" value=":"/>
    <property name="os.version" value="4.4.0-210-generic"/>
    <property name="java.runtime.name" value="Java(TM) SE Runtime Environment"/>
    <property name="file.encoding" value="UTF-8"/>
    <property name="java.vm.name" value="Java HotSpot(TM) 64-Bit Server VM"/>
    <property name="localRepository" value="/home/vagrant/.m2/repository"/>
    <property name="java.vendor.url.bug" value="https://bugreport.java.com/bugreport/"/>
    <property name="java.io.tmpdir" value="/tmp"/>
    <property name="java.version" value="17.0.6"/>
    <property name="user.dir" value="/home/vagrant/it-architectures/async-await-example"/>
    <property name="os.arch" value="amd64"/>
    <property name="java.vm.specification.name" value="Java Virtual Machine Specification"/>
    <property name="native.encoding" value="UTF-8"/>
    <property name="java.library.path" value="/usr/java/packages/lib:/usr/lib64:/lib64:/lib:/usr/lib"/>
    <property name="java.vm.info" value="mixed mode, sharing"/>
    <property name="java.vendor" value="Oracle Corporation"/>
    <property name="java.vm.version" value="17.0.6+9-LTS-190"/>
    <property name="sun.io.unicode.encoding" value="UnicodeLittle"/>
    <property name="java.class.version" value="61.0"/>
  </properties>
  <testcase name="fetchOrderDetails_WithDifferentIds_ShouldReturnDifferentData" classname="com.example.asyncawait.service.OrderServiceTest" time="0.681">
    <system-out><![CDATA[09:37:16.418 [main] INFO  c.e.asyncawait.service.OrderService - Recupero dettagli per l'ordine: Order-100-1
09:37:16.760 [pool-2-thread-1] DEBUG c.e.asyncawait.service.OrderService - Dettagli recuperati per l'ordine: Order-100-1
09:37:16.762 [main] INFO  c.e.asyncawait.service.OrderService - Recupero dettagli per l'ordine: Order-200-1
09:37:17.063 [pool-2-thread-1] DEBUG c.e.asyncawait.service.OrderService - Dettagli recuperati per l'ordine: Order-200-1
09:37:17.070 [main] INFO  c.e.asyncawait.service.OrderService - Chiusura dell'executor service di OrderService
]]></system-out>
  </testcase>
  <testcase name="fetchOrderDetails_ShouldReturnValidOrderDetails" classname="com.example.asyncawait.service.OrderServiceTest" time="0.307">
    <system-out><![CDATA[09:37:17.078 [main] INFO  c.e.asyncawait.service.OrderService - Recupero dettagli per l'ordine: Order-123-1
09:37:17.380 [pool-3-thread-1] DEBUG c.e.asyncawait.service.OrderService - Dettagli recuperati per l'ordine: Order-123-1
09:37:17.381 [main] INFO  c.e.asyncawait.service.OrderService - Chiusura dell'executor service di OrderService
]]></system-out>
  </testcase>
  <testcase name="fetchUserOrders_ShouldReturnThreeOrders" classname="com.example.asyncawait.service.OrderServiceTest" time="0.712">
    <system-out><![CDATA[09:37:17.394 [main] INFO  c.e.asyncawait.service.OrderService - Recupero ordini per l'utente con ID: 42
09:37:18.100 [pool-4-thread-1] DEBUG c.e.asyncawait.service.OrderService - Recuperati 3 ordini per l'utente 42
09:37:18.102 [main] INFO  c.e.asyncawait.service.OrderService - Chiusura dell'executor service di OrderService
]]></system-out>
  </testcase>
  <testcase name="fetchUserOrders_DifferentUserIds_ShouldReturnDifferentOrderIds" classname="com.example.asyncawait.service.OrderServiceTest" time="1.423">
    <system-out><![CDATA[09:37:18.105 [main] INFO  c.e.asyncawait.service.OrderService - Recupero ordini per l'utente con ID: 10
09:37:18.809 [pool-5-thread-1] DEBUG c.e.asyncawait.service.OrderService - Recuperati 3 ordini per l'utente 10
09:37:18.810 [main] INFO  c.e.asyncawait.service.OrderService - Recupero ordini per l'utente con ID: 20
09:37:19.520 [pool-5-thread-1] DEBUG c.e.asyncawait.service.OrderService - Recuperati 3 ordini per l'utente 20
09:37:19.525 [main] INFO  c.e.asyncawait.service.OrderService - Chiusura dell'executor service di OrderService
]]></system-out>
  </testcase>
</testsuite>